0 info it worked if it ends with ok
1 verbose cli [ 'C:\\Program Files\\nodejs\\node.exe',
1 verbose cli   'C:\\Program Files\\nodejs\\node_modules\\npm\\bin\\npm-cli.js',
1 verbose cli   'install',
1 verbose cli   'bootstrap@3.' ]
2 info using npm@3.10.10
3 info using node@v6.9.5
4 silly loadCurrentTree Starting
5 silly install loadCurrentTree
6 silly install readLocalPackageData
7 silly fetchPackageMetaData bootstrap@3.
8 silly fetchNamedPackageData bootstrap
9 silly mapToRegistry name bootstrap
10 silly mapToRegistry using default registry
11 silly mapToRegistry registry https://registry.npmjs.org/
12 silly mapToRegistry data Result {
12 silly mapToRegistry   raw: 'bootstrap',
12 silly mapToRegistry   scope: null,
12 silly mapToRegistry   escapedName: 'bootstrap',
12 silly mapToRegistry   name: 'bootstrap',
12 silly mapToRegistry   rawSpec: '',
12 silly mapToRegistry   spec: 'latest',
12 silly mapToRegistry   type: 'tag' }
13 silly mapToRegistry uri https://registry.npmjs.org/bootstrap
14 verbose request uri https://registry.npmjs.org/bootstrap
15 verbose request no auth needed
16 info attempt registry request try #1 at 5:33:18 PM
17 verbose request id 3353d37dd876520c
18 verbose etag W/"58aa0181-c5e7"
19 verbose lastModified Sun, 19 Feb 2017 20:35:13 GMT
20 http request GET https://registry.npmjs.org/bootstrap
21 http 200 https://registry.npmjs.org/bootstrap
22 verbose headers { server: 'nginx/1.10.1',
22 verbose headers   'content-type': 'application/json',
22 verbose headers   'last-modified': 'Tue, 14 Mar 2017 20:09:05 GMT',
22 verbose headers   etag: 'W/"58c84de1-c62b"',
22 verbose headers   'content-encoding': 'gzip',
22 verbose headers   'cache-control': 'max-age=300',
22 verbose headers   'content-length': '9713',
22 verbose headers   'accept-ranges': 'bytes',
22 verbose headers   date: 'Mon, 20 Mar 2017 15:33:20 GMT',
22 verbose headers   via: '1.1 varnish',
22 verbose headers   age: '0',
22 verbose headers   connection: 'keep-alive',
22 verbose headers   'x-served-by': 'cache-fra1235-FRA',
22 verbose headers   'x-cache': 'HIT',
22 verbose headers   'x-cache-hits': '1',
22 verbose headers   'x-timer': 'S1490024000.780465,VS0,VE1',
22 verbose headers   vary: 'Accept-Encoding' }
23 silly get cb [ 200,
23 silly get   { server: 'nginx/1.10.1',
23 silly get     'content-type': 'application/json',
23 silly get     'last-modified': 'Tue, 14 Mar 2017 20:09:05 GMT',
23 silly get     etag: 'W/"58c84de1-c62b"',
23 silly get     'content-encoding': 'gzip',
23 silly get     'cache-control': 'max-age=300',
23 silly get     'content-length': '9713',
23 silly get     'accept-ranges': 'bytes',
23 silly get     date: 'Mon, 20 Mar 2017 15:33:20 GMT',
23 silly get     via: '1.1 varnish',
23 silly get     age: '0',
23 silly get     connection: 'keep-alive',
23 silly get     'x-served-by': 'cache-fra1235-FRA',
23 silly get     'x-cache': 'HIT',
23 silly get     'x-cache-hits': '1',
23 silly get     'x-timer': 'S1490024000.780465,VS0,VE1',
23 silly get     vary: 'Accept-Encoding' } ]
24 verbose get saving bootstrap to C:\Users\Andriy\AppData\Roaming\npm-cache\registry.npmjs.org\bootstrap\.cache.json
25 verbose correctMkdir C:\Users\Andriy\AppData\Roaming\npm-cache correctMkdir not in flight; initializing
26 silly fetchPackageMetaData Error: No compatible version found: bootstrap@3.
26 silly fetchPackageMetaData Valid install targets:
26 silly fetchPackageMetaData 4.0.0-alpha.6, 4.0.0-alpha.5, 4.0.0-alpha.4, 4.0.0-alpha.3, 4.0.0-alpha.2, 3.3.7, 3.3.6, 3.3.5, 3.3.4, 3.3.2, 3.3.1, 3.3.0, 3.2.0, 3.1.1, 0.0.2, 0.0.1
26 silly fetchPackageMetaData
26 silly fetchPackageMetaData     at pickVersionFromRegistryDocument (C:\Program Files\nodejs\node_modules\npm\lib\fetch-package-metadata.js:178:16)
26 silly fetchPackageMetaData     at C:\Program Files\nodejs\node_modules\npm\node_modules\iferr\index.js:13:50
26 silly fetchPackageMetaData     at C:\Program Files\nodejs\node_modules\npm\lib\utils\pulse-till-done.js:20:8
26 silly fetchPackageMetaData     at saved (C:\Program Files\nodejs\node_modules\npm\lib\cache\caching-client.js:174:7)
26 silly fetchPackageMetaData     at C:\Program Files\nodejs\node_modules\npm\node_modules\graceful-fs\polyfills.js:241:18
26 silly fetchPackageMetaData     at FSReqWrap.oncomplete (fs.js:123:15)
26 silly fetchPackageMetaData  error for bootstrap@3. { Error: No compatible version found: bootstrap@3.
26 silly fetchPackageMetaData Valid install targets:
26 silly fetchPackageMetaData 4.0.0-alpha.6, 4.0.0-alpha.5, 4.0.0-alpha.4, 4.0.0-alpha.3, 4.0.0-alpha.2, 3.3.7, 3.3.6, 3.3.5, 3.3.4, 3.3.2, 3.3.1, 3.3.0, 3.2.0, 3.1.1, 0.0.2, 0.0.1
26 silly fetchPackageMetaData
26 silly fetchPackageMetaData     at pickVersionFromRegistryDocument (C:\Program Files\nodejs\node_modules\npm\lib\fetch-package-metadata.js:178:16)
26 silly fetchPackageMetaData     at C:\Program Files\nodejs\node_modules\npm\node_modules\iferr\index.js:13:50
26 silly fetchPackageMetaData     at C:\Program Files\nodejs\node_modules\npm\lib\utils\pulse-till-done.js:20:8
26 silly fetchPackageMetaData     at saved (C:\Program Files\nodejs\node_modules\npm\lib\cache\caching-client.js:174:7)
26 silly fetchPackageMetaData     at C:\Program Files\nodejs\node_modules\npm\node_modules\graceful-fs\polyfills.js:241:18
26 silly fetchPackageMetaData     at FSReqWrap.oncomplete (fs.js:123:15) code: 'ETARGET' }
27 silly rollbackFailedOptional Starting
28 silly rollbackFailedOptional Finishing
29 silly runTopLevelLifecycles Finishing
30 silly install printInstalled
31 verbose stack Error: No compatible version found: bootstrap@3.
31 verbose stack Valid install targets:
31 verbose stack 4.0.0-alpha.6, 4.0.0-alpha.5, 4.0.0-alpha.4, 4.0.0-alpha.3, 4.0.0-alpha.2, 3.3.7, 3.3.6, 3.3.5, 3.3.4, 3.3.2, 3.3.1, 3.3.0, 3.2.0, 3.1.1, 0.0.2, 0.0.1
31 verbose stack
31 verbose stack     at pickVersionFromRegistryDocument (C:\Program Files\nodejs\node_modules\npm\lib\fetch-package-metadata.js:178:16)
31 verbose stack     at C:\Program Files\nodejs\node_modules\npm\node_modules\iferr\index.js:13:50
31 verbose stack     at C:\Program Files\nodejs\node_modules\npm\lib\utils\pulse-till-done.js:20:8
31 verbose stack     at saved (C:\Program Files\nodejs\node_modules\npm\lib\cache\caching-client.js:174:7)
31 verbose stack     at C:\Program Files\nodejs\node_modules\npm\node_modules\graceful-fs\polyfills.js:241:18
31 verbose stack     at FSReqWrap.oncomplete (fs.js:123:15)
32 verbose cwd E:\OpenServer\OpenServer\domains\blog.ua
33 error Windows_NT 10.0.14393
34 error argv "C:\\Program Files\\nodejs\\node.exe" "C:\\Program Files\\nodejs\\node_modules\\npm\\bin\\npm-cli.js" "install" "bootstrap@3."
35 error node v6.9.5
36 error npm  v3.10.10
37 error code ETARGET
38 error notarget No compatible version found: bootstrap@3.
38 error notarget Valid install targets:
38 error notarget 4.0.0-alpha.6, 4.0.0-alpha.5, 4.0.0-alpha.4, 4.0.0-alpha.3, 4.0.0-alpha.2, 3.3.7, 3.3.6, 3.3.5, 3.3.4, 3.3.2, 3.3.1, 3.3.0, 3.2.0, 3.1.1, 0.0.2, 0.0.1
39 error notarget This is most likely not a problem with npm itself.
39 error notarget In most cases you or one of your dependencies are requesting
39 error notarget a package version that doesn't exist.
40 verbose exit [ 1, true ]
